<?xml version="1.0" encoding="UTF-8"?>
<!-- Generated by org.testng.reporters.JUnitXMLReporter -->
<testsuite ignored="0" hostname="RE305.station" failures="1" tests="2" name="Error Validation Test" time="41.839" errors="0" timestamp="2025-12-10T00:55:14 GMT">
  <testcase classname="framework.SeleniumFramework.ErrorValidations" name="LoggingPageError" time="2.121"/>
  <testcase classname="framework.SeleniumFramework.ErrorValidations" name="ProductValidationError" time="26.075">
    <failure type="java.lang.AssertionError" message="expected [true] but found [false]">
      <![CDATA[java.lang.AssertionError: expected [true] but found [false]
at framework.SeleniumFramework.ErrorValidations.ProductValidationError(ErrorValidations.java:30)
at java.base/java.util.ArrayList.forEach(ArrayList.java:1596)
at java.base/java.util.concurrent.FutureTask.run(FutureTask.java:317)
at java.base/java.util.concurrent.ThreadPoolExecutor.runWorker(ThreadPoolExecutor.java:1144)
at java.base/java.util.concurrent.ThreadPoolExecutor$Worker.run(ThreadPoolExecutor.java:642)
at java.base/java.lang.Thread.run(Thread.java:1583)
... Removed 19 stack frames]]>
    </failure>
  </testcase> <!-- ProductValidationError -->
</testsuite> <!-- Error Validation Test -->
