<?xml version="1.0" encoding="UTF-8"?>
<!-- Generated by org.testng.reporters.JUnitXMLReporter -->
<testsuite ignored="0" hostname="SANKALPS-AIR.station" failures="0" tests="2" name="Error Validation Test" time="41.501" errors="0" timestamp="2025-12-11T00:28:29 GMT">
  <testcase classname="framework.SeleniumFramework.ErrorValidations" name="LoggingPageError" time="1.567"/>
  <testcase classname="framework.SeleniumFramework.ErrorValidations" name="ProductValidationError" time="25.021"/>
</testsuite> <!-- Error Validation Test -->
