<?xml version="1.0" encoding="UTF-8"?>
<!-- Generated by org.testng.reporters.JUnitXMLReporter -->
<testsuite ignored="0" hostname="RE305.station" failures="0" tests="2" name="Error Validation Test" time="25.727" errors="0" timestamp="2025-12-08T15:02:46 GMT">
  <testcase classname="framework.SeleniumFramework.ErrorValidations" name="LoggingPageError" time="1.139"/>
  <testcase classname="framework.SeleniumFramework.ErrorValidations" name="ProductValidationError" time="15.068"/>
</testsuite> <!-- Error Validation Test -->
