<?xml version="1.0" encoding="UTF-8"?>
<!-- Generated by org.testng.reporters.JUnitXMLReporter -->
<testsuite ignored="2" hostname="RE305.station" failures="0" tests="0" time="0.002" errors="0" timestamp="2025-12-10T01:54:45 GMT">
  <testcase classname="framework.SeleniumFramework.ErrorValidations" name="LoggingPageError" time="0.0">
    <ignored/>
  </testcase> <!-- LoggingPageError -->
  <testcase classname="framework.SeleniumFramework.ErrorValidations" name="ProductValidationError" time="0.0">
    <ignored/>
  </testcase> <!-- ProductValidationError -->
</testsuite>
