<?xml version="1.0" encoding="UTF-8"?>
<!-- Generated by org.testng.reporters.JUnitXMLReporter -->
<testsuite ignored="0" hostname="RE305.station" failures="0" tests="2" name="Submit Order Test" time="28.761" errors="0" timestamp="2025-12-08T15:02:15 GMT">
  <testcase classname="framework.SeleniumFramework.SubmitOrderTest" name="submitOrder" time="16.187"/>
  <testcase classname="framework.SeleniumFramework.SubmitOrderTest" name="OrderHistory" time="1.844"/>
</testsuite> <!-- Submit Order Test -->
