<?xml version="1.0" encoding="UTF-8"?>
<!-- Generated by org.testng.reporters.JUnitXMLReporter -->
<testsuite ignored="0" hostname="SANKALPS-AIR.station" failures="0" tests="3" name="Submit Order Test" time="55.602" errors="0" timestamp="2025-12-11T00:28:42 GMT">
  <testcase classname="framework.SeleniumFramework.SubmitOrderTest" name="submitOrder" time="17.289"/>
  <testcase classname="framework.SeleniumFramework.SubmitOrderTest" name="submitOrder" time="16.187"/>
  <testcase classname="framework.SeleniumFramework.SubmitOrderTest" name="OrderHistory" time="1.799"/>
</testsuite> <!-- Submit Order Test -->
