<?xml version="1.0" encoding="UTF-8"?>
<testng-results ignored="3" total="5" passed="2" failed="0" skipped="0">
  <reporter-output>
  </reporter-output>
  <suite started-at="2025-12-10T01:53:51 GMT" name="Suite" finished-at="2025-12-10T01:54:45 GMT" duration-ms="54754">
    <groups>
      <group name="Purchase">
        <method signature="SubmitOrderTest.submitOrder(java.util.HashMap)[pri:0, instance:framework.SeleniumFramework.SubmitOrderTest@41d477ed]" name="submitOrder" class="framework.SeleniumFramework.SubmitOrderTest"/>
      </group> <!-- Purchase -->
    </groups>
    <test started-at="2025-12-10T01:53:51 GMT" name="Submit Order Test" finished-at="2025-12-10T01:54:40 GMT" duration-ms="49694">
      <class name="framework.SeleniumFramework.SubmitOrderTest">
        <test-method is-config="true" signature="LaunchApplication()[pri:0, instance:framework.SeleniumFramework.SubmitOrderTest@41d477ed]" started-at="2025-12-10T01:53:51 GMT" name="LaunchApplication" finished-at="2025-12-10T01:53:59 GMT" duration-ms="8508" status="PASS">
          <reporter-output>
          </reporter-output>
        </test-method> <!-- LaunchApplication -->
        <test-method signature="submitOrder(java.util.HashMap)[pri:0, instance:framework.SeleniumFramework.SubmitOrderTest@41d477ed]" started-at="2025-12-10T01:53:59 GMT" name="submitOrder" data-provider="getData" finished-at="2025-12-10T01:54:17 GMT" duration-ms="18274" status="PASS">
          <params>
            <param index="0">
              <value>
                <![CDATA[{password=Pass@123, product=ZARA COAT 3, email=tanishqmotke110@gmail.com}]]>
              </value>
            </param>
          </params>
          <reporter-output>
          </reporter-output>
        </test-method> <!-- submitOrder -->
        <test-method is-config="true" signature="tearDown()[pri:0, instance:framework.SeleniumFramework.SubmitOrderTest@41d477ed]" started-at="2025-12-10T01:54:17 GMT" name="tearDown" finished-at="2025-12-10T01:54:18 GMT" duration-ms="305" status="PASS">
          <reporter-output>
          </reporter-output>
        </test-method> <!-- tearDown -->
        <test-method is-config="true" signature="LaunchApplication()[pri:0, instance:framework.SeleniumFramework.SubmitOrderTest@41d477ed]" started-at="2025-12-10T01:54:18 GMT" name="LaunchApplication" finished-at="2025-12-10T01:54:23 GMT" duration-ms="5241" status="PASS">
          <reporter-output>
          </reporter-output>
        </test-method> <!-- LaunchApplication -->
        <test-method signature="submitOrder(java.util.HashMap)[pri:0, instance:framework.SeleniumFramework.SubmitOrderTest@41d477ed]" started-at="2025-12-10T01:54:23 GMT" name="submitOrder" data-provider="getData" finished-at="2025-12-10T01:54:40 GMT" duration-ms="16866" status="PASS">
          <params>
            <param index="0">
              <value>
                <![CDATA[{password=Pass@123, product=ZARA COAT 3, email=tanishqmotke110@gmail.com}]]>
              </value>
            </param>
          </params>
          <reporter-output>
          </reporter-output>
        </test-method> <!-- submitOrder -->
        <test-method is-config="true" signature="tearDown()[pri:0, instance:framework.SeleniumFramework.SubmitOrderTest@41d477ed]" started-at="2025-12-10T01:54:40 GMT" name="tearDown" finished-at="2025-12-10T01:54:40 GMT" duration-ms="380" status="PASS">
          <reporter-output>
          </reporter-output>
        </test-method> <!-- tearDown -->
      </class> <!-- framework.SeleniumFramework.SubmitOrderTest -->
    </test> <!-- Submit Order Test -->
    <test started-at="2025-12-10T01:54:45 GMT" name="Error Validation Test" finished-at="2025-12-10T01:54:45 GMT" duration-ms="2">
    </test> <!-- Error Validation Test -->
  </suite> <!-- Suite -->
</testng-results>
