<?xml version="1.0" encoding="UTF-8"?>
<testng-results ignored="0" total="4" passed="3" failed="1" skipped="0">
  <reporter-output>
  </reporter-output>
  <suite started-at="2025-12-10T00:54:30 GMT" name="Suite" finished-at="2025-12-10T00:55:12 GMT" duration-ms="41858">
    <groups>
    </groups>
    <test started-at="2025-12-10T00:54:30 GMT" name="Submit Order Test" finished-at="2025-12-10T00:54:53 GMT" duration-ms="22712">
      <class name="framework.SeleniumFramework.SubmitOrderTest">
        <test-method is-config="true" signature="LaunchApplication()[pri:0, instance:framework.SeleniumFramework.SubmitOrderTest@6302bbb1]" started-at="2025-12-10T00:54:30 GMT" name="LaunchApplication" finished-at="2025-12-10T00:54:38 GMT" duration-ms="7614" status="PASS">
          <reporter-output>
          </reporter-output>
        </test-method> <!-- LaunchApplication -->
        <test-method signature="submitOrder()[pri:0, instance:framework.SeleniumFramework.SubmitOrderTest@6302bbb1]" started-at="2025-12-10T00:54:38 GMT" name="submitOrder" finished-at="2025-12-10T00:54:45 GMT" duration-ms="6959" status="PASS">
          <reporter-output>
          </reporter-output>
        </test-method> <!-- submitOrder -->
        <test-method is-config="true" signature="tearDown()[pri:0, instance:framework.SeleniumFramework.SubmitOrderTest@6302bbb1]" started-at="2025-12-10T00:54:45 GMT" name="tearDown" finished-at="2025-12-10T00:54:45 GMT" duration-ms="151" status="PASS">
          <reporter-output>
          </reporter-output>
        </test-method> <!-- tearDown -->
        <test-method is-config="true" signature="LaunchApplication()[pri:0, instance:framework.SeleniumFramework.SubmitOrderTest@6302bbb1]" started-at="2025-12-10T00:54:45 GMT" name="LaunchApplication" finished-at="2025-12-10T00:54:50 GMT" duration-ms="5652" status="PASS">
          <reporter-output>
          </reporter-output>
        </test-method> <!-- LaunchApplication -->
        <test-method signature="OrderHistory()[pri:0, instance:framework.SeleniumFramework.SubmitOrderTest@6302bbb1]" started-at="2025-12-10T00:54:50 GMT" name="OrderHistory" finished-at="2025-12-10T00:54:52 GMT" depends-on-methods="framework.SeleniumFramework.SubmitOrderTest.submitOrder" duration-ms="2057" status="PASS">
          <reporter-output>
          </reporter-output>
        </test-method> <!-- OrderHistory -->
        <test-method is-config="true" signature="tearDown()[pri:0, instance:framework.SeleniumFramework.SubmitOrderTest@6302bbb1]" started-at="2025-12-10T00:54:52 GMT" name="tearDown" finished-at="2025-12-10T00:54:53 GMT" duration-ms="220" status="PASS">
          <reporter-output>
          </reporter-output>
        </test-method> <!-- tearDown -->
      </class> <!-- framework.SeleniumFramework.SubmitOrderTest -->
    </test> <!-- Submit Order Test -->
    <test started-at="2025-12-10T00:54:30 GMT" name="Error Validation Test" finished-at="2025-12-10T00:55:12 GMT" duration-ms="41839">
      <class name="framework.SeleniumFramework.ErrorValidations">
        <test-method is-config="true" signature="LaunchApplication()[pri:0, instance:framework.SeleniumFramework.ErrorValidations@279fedbd]" started-at="2025-12-10T00:54:30 GMT" name="LaunchApplication" finished-at="2025-12-10T00:54:38 GMT" duration-ms="7560" status="PASS">
          <reporter-output>
          </reporter-output>
        </test-method> <!-- LaunchApplication -->
        <test-method signature="LoggingPageError()[pri:0, instance:framework.SeleniumFramework.ErrorValidations@279fedbd]" started-at="2025-12-10T00:54:38 GMT" name="LoggingPageError" finished-at="2025-12-10T00:54:40 GMT" duration-ms="2121" status="PASS">
          <reporter-output>
          </reporter-output>
        </test-method> <!-- LoggingPageError -->
        <test-method is-config="true" signature="tearDown()[pri:0, instance:framework.SeleniumFramework.ErrorValidations@279fedbd]" started-at="2025-12-10T00:54:40 GMT" name="tearDown" finished-at="2025-12-10T00:54:40 GMT" duration-ms="249" status="PASS">
          <reporter-output>
          </reporter-output>
        </test-method> <!-- tearDown -->
        <test-method is-config="true" signature="LaunchApplication()[pri:0, instance:framework.SeleniumFramework.ErrorValidations@279fedbd]" started-at="2025-12-10T00:54:40 GMT" name="LaunchApplication" finished-at="2025-12-10T00:54:45 GMT" duration-ms="5583" status="PASS">
          <reporter-output>
          </reporter-output>
        </test-method> <!-- LaunchApplication -->
        <test-method signature="ProductValidationError()[pri:0, instance:framework.SeleniumFramework.ErrorValidations@279fedbd]" started-at="2025-12-10T00:54:45 GMT" name="ProductValidationError" finished-at="2025-12-10T00:55:12 GMT" duration-ms="26075" status="FAIL">
          <exception class="java.lang.AssertionError">
            <message>
              <![CDATA[expected [true] but found [false]]]>
            </message>
            <full-stacktrace>
              <![CDATA[java.lang.AssertionError: expected [true] but found [false]
at org.testng.Assert.fail(Assert.java:111)
at org.testng.Assert.failNotEquals(Assert.java:1590)
at org.testng.Assert.assertTrue(Assert.java:57)
at org.testng.Assert.assertTrue(Assert.java:67)
at framework.SeleniumFramework.ErrorValidations.ProductValidationError(ErrorValidations.java:30)
at java.base/jdk.internal.reflect.DirectMethodHandleAccessor.invoke(DirectMethodHandleAccessor.java:103)
at java.base/java.lang.reflect.Method.invoke(Method.java:580)
at org.testng.internal.invokers.MethodInvocationHelper.invokeMethod(MethodInvocationHelper.java:141)
at org.testng.internal.invokers.TestInvoker.invokeMethod(TestInvoker.java:687)
at org.testng.internal.invokers.TestInvoker.invokeTestMethod(TestInvoker.java:230)
at org.testng.internal.invokers.MethodRunner.runInSequence(MethodRunner.java:63)
at org.testng.internal.invokers.TestInvoker$MethodInvocationAgent.invoke(TestInvoker.java:995)
at org.testng.internal.invokers.TestInvoker.invokeTestMethods(TestInvoker.java:203)
at org.testng.internal.invokers.TestMethodWorker.invokeTestMethods(TestMethodWorker.java:154)
at org.testng.internal.invokers.TestMethodWorker.run(TestMethodWorker.java:134)
at java.base/java.util.ArrayList.forEach(ArrayList.java:1596)
at org.testng.TestRunner.privateRun(TestRunner.java:741)
at org.testng.TestRunner.run(TestRunner.java:616)
at org.testng.SuiteRunner.runTest(SuiteRunner.java:421)
at org.testng.SuiteRunner$SuiteWorker.run(SuiteRunner.java:463)
at org.testng.internal.thread.ThreadUtil.lambda$execute$0(ThreadUtil.java:64)
at java.base/java.util.concurrent.FutureTask.run(FutureTask.java:317)
at java.base/java.util.concurrent.ThreadPoolExecutor.runWorker(ThreadPoolExecutor.java:1144)
at java.base/java.util.concurrent.ThreadPoolExecutor$Worker.run(ThreadPoolExecutor.java:642)
at java.base/java.lang.Thread.run(Thread.java:1583)
]]>
            </full-stacktrace>
          </exception> <!-- java.lang.AssertionError -->
          <reporter-output>
          </reporter-output>
        </test-method> <!-- ProductValidationError -->
        <test-method is-config="true" signature="tearDown()[pri:0, instance:framework.SeleniumFramework.ErrorValidations@279fedbd]" started-at="2025-12-10T00:55:12 GMT" name="tearDown" finished-at="2025-12-10T00:55:12 GMT" duration-ms="203" status="PASS">
          <reporter-output>
          </reporter-output>
        </test-method> <!-- tearDown -->
      </class> <!-- framework.SeleniumFramework.ErrorValidations -->
    </test> <!-- Error Validation Test -->
  </suite> <!-- Suite -->
</testng-results>
