<?xml version="1.0" encoding="UTF-8"?>
<testng-results ignored="0" total="4" passed="4" failed="0" skipped="0">
  <reporter-output>
  </reporter-output>
  <suite started-at="2025-12-08T15:01:41 GMT" name="Suite" finished-at="2025-12-08T15:02:41 GMT" duration-ms="59546">
    <groups>
    </groups>
    <test started-at="2025-12-08T15:01:41 GMT" name="Submit Order Test" finished-at="2025-12-08T15:02:10 GMT" duration-ms="28761">
      <class name="framework.SeleniumFramework.SubmitOrderTest">
        <test-method is-config="true" signature="LaunchApplication()[pri:0, instance:framework.SeleniumFramework.SubmitOrderTest@6302bbb1]" started-at="2025-12-08T15:01:41 GMT" name="LaunchApplication" finished-at="2025-12-08T15:01:47 GMT" duration-ms="5903" status="PASS">
          <reporter-output>
          </reporter-output>
        </test-method> <!-- LaunchApplication -->
        <test-method signature="submitOrder()[pri:0, instance:framework.SeleniumFramework.SubmitOrderTest@6302bbb1]" started-at="2025-12-08T15:01:47 GMT" name="submitOrder" finished-at="2025-12-08T15:02:04 GMT" duration-ms="16187" status="PASS">
          <reporter-output>
          </reporter-output>
        </test-method> <!-- submitOrder -->
        <test-method is-config="true" signature="tearDown()[pri:0, instance:framework.SeleniumFramework.SubmitOrderTest@6302bbb1]" started-at="2025-12-08T15:02:04 GMT" name="tearDown" finished-at="2025-12-08T15:02:04 GMT" duration-ms="238" status="PASS">
          <reporter-output>
          </reporter-output>
        </test-method> <!-- tearDown -->
        <test-method is-config="true" signature="LaunchApplication()[pri:0, instance:framework.SeleniumFramework.SubmitOrderTest@6302bbb1]" started-at="2025-12-08T15:02:04 GMT" name="LaunchApplication" finished-at="2025-12-08T15:02:08 GMT" duration-ms="4098" status="PASS">
          <reporter-output>
          </reporter-output>
        </test-method> <!-- LaunchApplication -->
        <test-method signature="OrderHistory()[pri:0, instance:framework.SeleniumFramework.SubmitOrderTest@6302bbb1]" started-at="2025-12-08T15:02:08 GMT" name="OrderHistory" finished-at="2025-12-08T15:02:10 GMT" depends-on-methods="framework.SeleniumFramework.SubmitOrderTest.submitOrder" duration-ms="1844" status="PASS">
          <reporter-output>
          </reporter-output>
        </test-method> <!-- OrderHistory -->
        <test-method is-config="true" signature="tearDown()[pri:0, instance:framework.SeleniumFramework.SubmitOrderTest@6302bbb1]" started-at="2025-12-08T15:02:10 GMT" name="tearDown" finished-at="2025-12-08T15:02:10 GMT" duration-ms="407" status="PASS">
          <reporter-output>
          </reporter-output>
        </test-method> <!-- tearDown -->
      </class> <!-- framework.SeleniumFramework.SubmitOrderTest -->
    </test> <!-- Submit Order Test -->
    <test started-at="2025-12-08T15:02:15 GMT" name="Error Validation Test" finished-at="2025-12-08T15:02:41 GMT" duration-ms="25727">
      <class name="framework.SeleniumFramework.ErrorValidations">
        <test-method is-config="true" signature="LaunchApplication()[pri:0, instance:framework.SeleniumFramework.ErrorValidations@279fedbd]" started-at="2025-12-08T15:02:15 GMT" name="LaunchApplication" finished-at="2025-12-08T15:02:20 GMT" duration-ms="4236" status="PASS">
          <reporter-output>
          </reporter-output>
        </test-method> <!-- LaunchApplication -->
        <test-method signature="LoggingPageError()[pri:0, instance:framework.SeleniumFramework.ErrorValidations@279fedbd]" started-at="2025-12-08T15:02:20 GMT" name="LoggingPageError" finished-at="2025-12-08T15:02:21 GMT" duration-ms="1139" status="PASS">
          <reporter-output>
          </reporter-output>
        </test-method> <!-- LoggingPageError -->
        <test-method is-config="true" signature="tearDown()[pri:0, instance:framework.SeleniumFramework.ErrorValidations@279fedbd]" started-at="2025-12-08T15:02:21 GMT" name="tearDown" finished-at="2025-12-08T15:02:21 GMT" duration-ms="273" status="PASS">
          <reporter-output>
          </reporter-output>
        </test-method> <!-- tearDown -->
        <test-method is-config="true" signature="LaunchApplication()[pri:0, instance:framework.SeleniumFramework.ErrorValidations@279fedbd]" started-at="2025-12-08T15:02:21 GMT" name="LaunchApplication" finished-at="2025-12-08T15:02:26 GMT" duration-ms="4726" status="PASS">
          <reporter-output>
          </reporter-output>
        </test-method> <!-- LaunchApplication -->
        <test-method signature="ProductValidationError()[pri:0, instance:framework.SeleniumFramework.ErrorValidations@279fedbd]" started-at="2025-12-08T15:02:26 GMT" name="ProductValidationError" finished-at="2025-12-08T15:02:41 GMT" duration-ms="15068" status="PASS">
          <reporter-output>
          </reporter-output>
        </test-method> <!-- ProductValidationError -->
        <test-method is-config="true" signature="tearDown()[pri:0, instance:framework.SeleniumFramework.ErrorValidations@279fedbd]" started-at="2025-12-08T15:02:41 GMT" name="tearDown" finished-at="2025-12-08T15:02:41 GMT" duration-ms="275" status="PASS">
          <reporter-output>
          </reporter-output>
        </test-method> <!-- tearDown -->
      </class> <!-- framework.SeleniumFramework.ErrorValidations -->
    </test> <!-- Error Validation Test -->
  </suite> <!-- Suite -->
</testng-results>
