<?xml version="1.0" encoding="UTF-8"?>
<!-- Generated by org.testng.reporters.JUnitReportReporter -->
<testsuite hostname="RE305.station" failures="0" tests="2" name="framework.SeleniumFramework.ErrorValidations" time="25.717" errors="0" timestamp="2025-12-08T15:02:46 GMT" skipped="0">
  <testcase classname="framework.SeleniumFramework.ErrorValidations" name="LoggingPageError" time="5.648"/>
  <testcase classname="framework.SeleniumFramework.ErrorValidations" name="ProductValidationError" time="20.069"/>
</testsuite> <!-- framework.SeleniumFramework.ErrorValidations -->
