<?xml version="1.0" encoding="UTF-8"?>
<!-- Generated by org.testng.reporters.JUnitReportReporter -->
<testsuite hostname="SANKALPS-AIR.station" failures="0" tests="2" name="framework.SeleniumFramework.ErrorValidations" time="41.306" errors="0" timestamp="2025-12-11T00:28:42 GMT" skipped="0">
  <testcase classname="framework.SeleniumFramework.ErrorValidations" name="ProductValidationError" time="34.396"/>
  <testcase classname="framework.SeleniumFramework.ErrorValidations" name="LoggingPageError" time="6.910"/>
</testsuite> <!-- framework.SeleniumFramework.ErrorValidations -->
