<?xml version="1.0" encoding="UTF-8"?>
<!-- Generated by org.testng.reporters.JUnitReportReporter -->
<testsuite hostname="RE305.station" failures="0" tests="2" name="framework.SeleniumFramework.SubmitOrderTest" time="22.653" errors="0" timestamp="2025-12-10T00:55:14 GMT" skipped="0">
  <testcase classname="framework.SeleniumFramework.SubmitOrderTest" name="submitOrder" time="12.762"/>
  <testcase classname="framework.SeleniumFramework.SubmitOrderTest" name="OrderHistory" time="9.891"/>
</testsuite> <!-- framework.SeleniumFramework.SubmitOrderTest -->
