<?xml version="1.0" encoding="UTF-8"?>
<!-- Generated by org.testng.reporters.JUnitReportReporter -->
<testsuite hostname="RE305.station" failures="0" tests="2" name="framework.SeleniumFramework.SubmitOrderTest" time="28.677" errors="0" timestamp="2025-12-08T15:02:46 GMT" skipped="0">
  <testcase classname="framework.SeleniumFramework.SubmitOrderTest" name="OrderHistory" time="6.180"/>
  <testcase classname="framework.SeleniumFramework.SubmitOrderTest" name="submitOrder" time="22.497"/>
</testsuite> <!-- framework.SeleniumFramework.SubmitOrderTest -->
